<?xml version="1.0" encoding="UTF-8"?>
<!-- Generated by org.testng.reporters.JUnitXMLReporter -->
<testsuite hostname="Saritha-PC" ignored="0" name="Default test(failed)" tests="1" failures="1" timestamp="2019-12-15T21:41:10 IST" time="0.047" errors="0">
  <testcase name="chooseBrowser" time="0.0" classname="com.Assert.Tasks.CrossBrowserParallelExe">
    <failure type="org.testng.TestNGException" message="
Parameter &amp;apos;browser&amp;apos; is required by @Test on method chooseBrowser but has not been marked @Optional or defined
in F:\hybridframeworkworkspace\ActiTIME\test-output\Default suite\testng-failed.xml">
      <![CDATA[org.testng.TestNGException: 
Parameter 'browser' is required by @Test on method chooseBrowser but has not been marked @Optional or defined
in F:\hybridframeworkworkspace\ActiTIME\test-output\Default suite\testng-failed.xml
at java.util.ArrayList.forEach(ArrayList.java:1257)
... Removed 26 stack frames]]>
    </failure>
  </testcase> <!-- chooseBrowser -->
</testsuite> <!-- Default test(failed) -->
